<?xml version="1.0" encoding="UTF-8"?>
<testng-results ignored="0" total="1" passed="1" failed="0" skipped="0">
  <reporter-output>
  </reporter-output>
  <suite started-at="2021-06-20T20:26:14 EET" name="Suite" finished-at="2021-06-20T20:26:26 EET" duration-ms="11587">
    <groups>
      <group name="userPrompt">
        <method signature="ResultsCount.searchGoogle(java.lang.String,java.lang.String,java.lang.String,java.lang.String,java.lang.String,java.lang.String,java.lang.String)[pri:0, instance:Selenium.AutomationChallenge.ResultsCount@595b007d]" name="searchGoogle" class="Selenium.AutomationChallenge.ResultsCount"/>
      </group> <!-- userPrompt -->
      <group name="parameter">
        <method signature="ResultsCount.searchGoogle(java.lang.String,java.lang.String,java.lang.String,java.lang.String,java.lang.String,java.lang.String,java.lang.String)[pri:0, instance:Selenium.AutomationChallenge.ResultsCount@595b007d]" name="searchGoogle" class="Selenium.AutomationChallenge.ResultsCount"/>
      </group> <!-- parameter -->
    </groups>
    <test started-at="2021-06-20T20:26:14 EET" name="Default test" finished-at="2021-06-20T20:26:26 EET" duration-ms="11587">
      <class name="Selenium.AutomationChallenge.ResultsCount">
        <test-method is-config="true" signature="assignDataPath(java.lang.String)[pri:0, instance:Selenium.AutomationChallenge.ResultsCount@595b007d]" started-at="2021-06-20T20:26:14 EET" name="assignDataPath" finished-at="2021-06-20T20:26:14 EET" duration-ms="17" status="PASS">
          <params>
            <param index="0">
              <value>
                <![CDATA[.\\\\TestDataFiles\\\\testdata.xlsx]]>
              </value>
            </param>
          </params>
          <reporter-output>
          </reporter-output>
        </test-method> <!-- assignDataPath -->
        <test-method is-config="true" signature="openBrowserUser()[pri:0, instance:Selenium.AutomationChallenge.ResultsCount@595b007d]" started-at="2021-06-20T20:26:14 EET" name="openBrowserUser" finished-at="2021-06-20T20:26:18 EET" duration-ms="4141" status="PASS">
          <reporter-output>
          </reporter-output>
        </test-method> <!-- openBrowserUser -->
        <test-method signature="searchGoogle(java.lang.String,java.lang.String,java.lang.String,java.lang.String,java.lang.String,java.lang.String,java.lang.String)[pri:0, instance:Selenium.AutomationChallenge.ResultsCount@595b007d]" started-at="2021-06-20T20:26:19 EET" name="searchGoogle" data-provider="test_Data" finished-at="2021-06-20T20:26:26 EET" duration-ms="6645" status="PASS">
          <params>
            <param index="0">
              <value>
                <![CDATA[https://www.google.com]]>
              </value>
            </param>
            <param index="1">
              <value>
                <![CDATA[Vodafone]]>
              </value>
            </param>
            <param index="2">
              <value>
                <![CDATA[q]]>
              </value>
            </param>
            <param index="3">
              <value>
                <![CDATA[[aria-label='Page 2']]]>
              </value>
            </param>
            <param index="4">
              <value>
                <![CDATA[[aria-label='Page 3']]]>
              </value>
            </param>
            <param index="5">
              <value>
                <![CDATA[window.scrollBy(0,1000)]]>
              </value>
            </param>
            <param index="6">
              <value>
                <![CDATA[//h3[@class='LC20lb DKV0Md']]]>
              </value>
            </param>
          </params>
          <reporter-output>
          </reporter-output>
        </test-method> <!-- searchGoogle -->
        <test-method is-config="true" signature="closeBrowser()[pri:0, instance:Selenium.AutomationChallenge.ResultsCount@595b007d]" started-at="2021-06-20T20:26:26 EET" name="closeBrowser" finished-at="2021-06-20T20:26:26 EET" duration-ms="22" status="PASS">
          <reporter-output>
          </reporter-output>
        </test-method> <!-- closeBrowser -->
      </class> <!-- Selenium.AutomationChallenge.ResultsCount -->
    </test> <!-- Default test -->
  </suite> <!-- Suite -->
</testng-results>
